2025-06-13 09:30:26.380 [info] [main] Log level: Info
2025-06-13 09:30:26.380 [info] [main] Validating found git in: "git"
2025-06-13 09:30:26.380 [info] [main] Using git "2.49.0" from "git"
2025-06-13 09:30:26.380 [info] [Model][doInitialScan] Initial repository scan started
2025-06-13 09:30:26.380 [info] > git rev-parse --show-toplevel [33ms]
2025-06-13 09:30:26.380 [info] fatal: not a git repository (or any of the parent directories): .git
2025-06-13 09:30:26.380 [info] > git rev-parse --show-toplevel [86ms]
2025-06-13 09:30:26.380 [info] fatal: not a git repository (or any of the parent directories): .git
2025-06-13 09:30:26.389 [info] > git rev-parse --show-toplevel [12ms]
2025-06-13 09:30:26.389 [info] fatal: not a git repository (or any of the parent directories): .git
2025-06-13 09:30:26.517 [info] > git rev-parse --show-toplevel [32ms]
2025-06-13 09:30:26.517 [info] fatal: not a git repository (or any of the parent directories): .git
2025-06-13 09:30:26.547 [info] > git rev-parse --show-toplevel [4ms]
2025-06-13 09:30:26.547 [info] fatal: not a git repository (or any of the parent directories): .git
2025-06-13 09:30:26.593 [info] > git rev-parse --show-toplevel [10ms]
2025-06-13 09:30:26.593 [info] fatal: not a git repository (or any of the parent directories): .git
2025-06-13 09:30:26.648 [info] > git rev-parse --show-toplevel [10ms]
2025-06-13 09:30:26.648 [info] fatal: not a git repository (or any of the parent directories): .git
2025-06-13 09:30:26.769 [info] > git rev-parse --show-toplevel [38ms]
2025-06-13 09:30:26.769 [info] fatal: not a git repository (or any of the parent directories): .git
2025-06-13 09:30:26.861 [info] > git rev-parse --show-toplevel [24ms]
2025-06-13 09:30:26.861 [info] fatal: not a git repository (or any of the parent directories): .git
2025-06-13 09:30:26.896 [info] > git rev-parse --show-toplevel [6ms]
2025-06-13 09:30:26.896 [info] fatal: not a git repository (or any of the parent directories): .git
2025-06-13 09:30:26.897 [info] [Model][doInitialScan] Initial repository scan completed - repositories (0), closed repositories (0), parent repositories (0), unsafe repositories (0)
2025-06-13 09:30:27.284 [info] > git rev-parse --show-toplevel [3ms]
2025-06-13 09:30:27.284 [info] fatal: not a git repository (or any of the parent directories): .git
2025-06-13 09:30:27.506 [info] > git rev-parse --show-toplevel [3ms]
2025-06-13 09:30:27.506 [info] fatal: not a git repository (or any of the parent directories): .git
