[Info  - 9:30:25 AM] 2025/06/13 09:30:25 Created View (#1)
	directory=/home/ame/code
	view_type="AdHoc"
	root_dir="file:///home/ame/code"
	go_version="go version go1.24.4 linux/amd64"
	build_flags=[]
	env={GOOS:linux GOARCH:amd64 GOCACHE:/home/ame/.cache/go-build GOMODCACHE:/home/ame/.cache/go/mod GOPATH:/home/ame/.local/share/go GOPRIVATE: GOFLAGS: GO111MODULE: GOTOOLCHAIN:auto GOROOT:/usr/lib/go GoVersion:24 GoVersionOutput:go version go1.24.4 linux/amd64
 ExplicitGOWORK: EffectiveGOPACKAGESDRIVER:}
	env_overlay=[]

[Info  - 9:30:26 AM] 2025/06/13 09:30:25 go/packages.Load #1
	view_id="1"
	snapshot=0
	directory=/home/ame/code
	query=[./ builtin]
	packages=2
	duration=26.114507ms

[Info  - 9:30:26 AM] 2025/06/13 09:30:26 Created View (#2)
	directory=/home/ame/code
	view_type="GoMod"
	root_dir="file:///home/ame/code/notify-platform/user-service"
	go_version="go version go1.24.4 linux/amd64"
	build_flags=[]
	env={GOOS:linux GOARCH:amd64 GOCACHE:/home/ame/.cache/go-build GOMODCACHE:/home/ame/.cache/go/mod GOPATH:/home/ame/.local/share/go GOPRIVATE: GOFLAGS: GO111MODULE: GOTOOLCHAIN:auto GOROOT:/usr/lib/go GoVersion:24 GoVersionOutput:go version go1.24.4 linux/amd64
 ExplicitGOWORK: EffectiveGOPACKAGESDRIVER:}
	env_overlay=[]

[Info  - 9:30:27 AM] 2025/06/13 09:30:27 go/packages.Load #2
	view_id="2"
	snapshot=0
	directory=/home/ame/code
	query=[/home/ame/code/notify-platform/user-service/... builtin]
	packages=5
	duration=619.026645ms

[Info  - 9:30:27 AM] 2025/06/13 09:30:27 Created View (#3)
	directory=/home/ame/code
	view_type="GoMod"
	root_dir="file:///home/ame/code/notify-platform/notification-service"
	go_version="go version go1.24.4 linux/amd64"
	build_flags=[]
	env={GOOS:linux GOARCH:amd64 GOCACHE:/home/ame/.cache/go-build GOMODCACHE:/home/ame/.cache/go/mod GOPATH:/home/ame/.local/share/go GOPRIVATE: GOFLAGS: GO111MODULE: GOTOOLCHAIN:auto GOROOT:/usr/lib/go GoVersion:24 GoVersionOutput:go version go1.24.4 linux/amd64
 ExplicitGOWORK: EffectiveGOPACKAGESDRIVER:}
	env_overlay=[]

[Info  - 9:30:27 AM] 2025/06/13 09:30:27 go/packages.Load #3
	view_id="3"
	snapshot=0
	directory=/home/ame/code
	query=[/home/ame/code/notify-platform/notification-service/... builtin]
	packages=6
	duration=409.762153ms

[Info  - 9:30:40 AM] 2025/06/13 09:30:40 Shutdown session
	shutdown_session=1

