[Info  - 3:42:25 PM] 2025/06/14 15:42:25 Created View (#1)
	directory=/home/ame/code
	view_type="AdHoc"
	root_dir="file:///home/ame/code"
	go_version="go version go1.24.4 linux/amd64"
	build_flags=[]
	env={GOOS:linux GOARCH:amd64 GOCACHE:/home/ame/.cache/go-build GOMODCACHE:/home/ame/.cache/go/mod GOPATH:/home/ame/.local/share/go GOPRIVATE: GOFLAGS: GO111MODULE: GOTOOLCHAIN:auto GOROOT:/usr/lib/go GoVersion:24 GoVersionOutput:go version go1.24.4 linux/amd64
 ExplicitGOWORK: EffectiveGOPACKAGESDRIVER:}
	env_overlay=[]

[Info  - 3:42:25 PM] 2025/06/14 15:42:25 go/packages.Load #1
	view_id="1"
	snapshot=0
	directory=/home/ame/code
	query=[./ builtin]
	packages=2
	duration=133.493285ms

[Info  - 3:42:25 PM] 2025/06/14 15:42:25 Created View (#2)
	directory=/home/ame/code
	view_type="GoMod"
	root_dir="file:///home/ame/code/notify-platform/user-service"
	go_version="go version go1.24.4 linux/amd64"
	build_flags=[]
	env={GOOS:linux GOARCH:amd64 GOCACHE:/home/ame/.cache/go-build GOMODCACHE:/home/ame/.cache/go/mod GOPATH:/home/ame/.local/share/go GOPRIVATE: GOFLAGS: GO111MODULE: GOTOOLCHAIN:auto GOROOT:/usr/lib/go GoVersion:24 GoVersionOutput:go version go1.24.4 linux/amd64
 ExplicitGOWORK: EffectiveGOPACKAGESDRIVER:}
	env_overlay=[]

[Info  - 3:42:26 PM] 2025/06/14 15:42:26 go/packages.Load #2
	view_id="2"
	snapshot=0
	directory=/home/ame/code
	query=[/home/ame/code/notify-platform/user-service/... builtin]
	packages=5
	duration=739.483281ms

[Info  - 3:42:26 PM] 2025/06/14 15:42:26 Created View (#3)
	directory=/home/ame/code
	view_type="GoMod"
	root_dir="file:///home/ame/code/notify-platform/notification-service"
	go_version="go version go1.24.4 linux/amd64"
	build_flags=[]
	env={GOOS:linux GOARCH:amd64 GOCACHE:/home/ame/.cache/go-build GOMODCACHE:/home/ame/.cache/go/mod GOPATH:/home/ame/.local/share/go GOPRIVATE: GOFLAGS: GO111MODULE: GOTOOLCHAIN:auto GOROOT:/usr/lib/go GoVersion:24 GoVersionOutput:go version go1.24.4 linux/amd64
 ExplicitGOWORK: EffectiveGOPACKAGESDRIVER:}
	env_overlay=[]

[Info  - 3:42:27 PM] 2025/06/14 15:42:27 go/packages.Load #3
	view_id="3"
	snapshot=0
	directory=/home/ame/code
	query=[/home/ame/code/notify-platform/notification-service/... builtin]
	packages=6
	duration=310.330206ms

[Info  - 3:42:55 PM] 2025/06/14 15:42:55 background imports cache refresh starting

[Info  - 3:42:55 PM] 2025/06/14 15:42:55 background refresh finished after 9.448307ms

[Info  - 3:42:55 PM] 2025/06/14 15:42:55 background imports cache refresh starting

[Info  - 3:42:56 PM] 2025/06/14 15:42:56 background refresh finished after 453.607281ms

[Info  - 3:42:56 PM] 2025/06/14 15:42:56 background imports cache refresh starting

[Info  - 3:42:57 PM] 2025/06/14 15:42:57 background refresh finished after 312.866049ms

[Info  - 5:02:15 PM] 2025/06/14 17:02:15 Created View (#4)
	directory=/home/ame/code
	view_type="GoMod"
	root_dir="file:///home/ame/code/notify-platform/workers/email-worker"
	go_version="go version go1.24.4 linux/amd64"
	build_flags=[]
	env={GOOS:linux GOARCH:amd64 GOCACHE:/home/ame/.cache/go-build GOMODCACHE:/home/ame/.cache/go/mod GOPATH:/home/ame/.local/share/go GOPRIVATE: GOFLAGS: GO111MODULE: GOTOOLCHAIN:auto GOROOT:/usr/lib/go GoVersion:24 GoVersionOutput:go version go1.24.4 linux/amd64
 ExplicitGOWORK: EffectiveGOPACKAGESDRIVER:}
	env_overlay=[]

[Info  - 5:02:15 PM] 2025/06/14 17:02:15 go/packages.Load #4
	view_id="4"
	snapshot=0
	directory=/home/ame/code
	query=[/home/ame/code/notify-platform/workers/email-worker/... builtin]
	packages=2
	duration=177.071489ms

[Info  - 5:02:33 PM] 2025/06/14 17:02:33 Created View (#5)
	directory=/home/ame/code
	view_type="GoMod"
	root_dir="file:///home/ame/code/notify-platform/workers/telegram-worker"
	go_version="go version go1.24.4 linux/amd64"
	build_flags=[]
	env={GOOS:linux GOARCH:amd64 GOCACHE:/home/ame/.cache/go-build GOMODCACHE:/home/ame/.cache/go/mod GOPATH:/home/ame/.local/share/go GOPRIVATE: GOFLAGS: GO111MODULE: GOTOOLCHAIN:auto GOROOT:/usr/lib/go GoVersion:24 GoVersionOutput:go version go1.24.4 linux/amd64
 ExplicitGOWORK: EffectiveGOPACKAGESDRIVER:}
	env_overlay=[]

[Info  - 5:02:33 PM] 2025/06/14 17:02:33 go/packages.Load #5
	view_id="5"
	snapshot=0
	directory=/home/ame/code
	query=[/home/ame/code/notify-platform/workers/telegram-worker/... builtin]
	packages=2
	duration=167.642387ms

[Info  - 5:03:19 PM] 2025/06/14 17:03:19 Created View (#6)
	directory=/home/ame/code
	view_type="GoMod"
	root_dir="file:///home/ame/code/notify-platform/notification-service"
	go_version="go version go1.24.4 linux/amd64"
	build_flags=[]
	env={GOOS:linux GOARCH:amd64 GOCACHE:/home/ame/.cache/go-build GOMODCACHE:/home/ame/.cache/go/mod GOPATH:/home/ame/.local/share/go GOPRIVATE: GOFLAGS: GO111MODULE: GOTOOLCHAIN:auto GOROOT:/usr/lib/go GoVersion:24 GoVersionOutput:go version go1.24.4 linux/amd64
 ExplicitGOWORK: EffectiveGOPACKAGESDRIVER:}
	env_overlay=[]

[Info  - 5:03:19 PM] 2025/06/14 17:03:19 go/packages.Load #6
	view_id="6"
	snapshot=0
	directory=/home/ame/code
	query=[/home/ame/code/notify-platform/notification-service/... builtin]
	packages=6
	duration=186.542113ms

[Error - 5:03:19 PM] Request textDocument/codeAction failed.
  Message: context canceled
  Code: 0 
[Info  - 5:03:33 PM] 2025/06/14 17:03:33 Created View (#7)
	directory=/home/ame/code
	view_type="GoMod"
	root_dir="file:///home/ame/code/notify-platform/user-service"
	go_version="go version go1.24.4 linux/amd64"
	build_flags=[]
	env={GOOS:linux GOARCH:amd64 GOCACHE:/home/ame/.cache/go-build GOMODCACHE:/home/ame/.cache/go/mod GOPATH:/home/ame/.local/share/go GOPRIVATE: GOFLAGS: GO111MODULE: GOTOOLCHAIN:auto GOROOT:/usr/lib/go GoVersion:24 GoVersionOutput:go version go1.24.4 linux/amd64
 ExplicitGOWORK: EffectiveGOPACKAGESDRIVER:}
	env_overlay=[]

[Info  - 5:03:33 PM] 2025/06/14 17:03:33 go/packages.Load #7
	view_id="7"
	snapshot=0
	directory=/home/ame/code
	query=[/home/ame/code/notify-platform/user-service/... builtin]
	packages=5
	duration=233.839543ms

[Error - 5:03:33 PM] Request textDocument/codeAction failed.
  Message: context canceled
  Code: 0 
[Info  - 5:03:45 PM] 2025/06/14 17:03:45 Created View (#8)
	directory=/home/ame/code
	view_type="GoMod"
	root_dir="file:///home/ame/code/notify-platform/user-service"
	go_version="go version go1.24.4 linux/amd64"
	build_flags=[]
	env={GOOS:linux GOARCH:amd64 GOCACHE:/home/ame/.cache/go-build GOMODCACHE:/home/ame/.cache/go/mod GOPATH:/home/ame/.local/share/go GOPRIVATE: GOFLAGS: GO111MODULE: GOTOOLCHAIN:auto GOROOT:/usr/lib/go GoVersion:24 GoVersionOutput:go version go1.24.4 linux/amd64
 ExplicitGOWORK: EffectiveGOPACKAGESDRIVER:}
	env_overlay=[]

[Info  - 5:03:45 PM] 2025/06/14 17:03:45 go/packages.Load #8
	view_id="8"
	snapshot=0
	directory=/home/ame/code
	query=[/home/ame/code/notify-platform/user-service/... builtin]
	packages=5
	duration=276.319009ms

[Info  - 5:03:52 PM] 2025/06/14 17:03:52 Created View (#9)
	directory=/home/ame/code
	view_type="GoMod"
	root_dir="file:///home/ame/code/notify-platform/user-service"
	go_version="go version go1.24.4 linux/amd64"
	build_flags=[]
	env={GOOS:linux GOARCH:amd64 GOCACHE:/home/ame/.cache/go-build GOMODCACHE:/home/ame/.cache/go/mod GOPATH:/home/ame/.local/share/go GOPRIVATE: GOFLAGS: GO111MODULE: GOTOOLCHAIN:auto GOROOT:/usr/lib/go GoVersion:24 GoVersionOutput:go version go1.24.4 linux/amd64
 ExplicitGOWORK: EffectiveGOPACKAGESDRIVER:}
	env_overlay=[]

[Info  - 5:03:52 PM] 2025/06/14 17:03:52 go/packages.Load #9
	view_id="9"
	snapshot=0
	directory=/home/ame/code
	query=[/home/ame/code/notify-platform/user-service/... builtin]
	packages=5
	duration=201.85847ms

[Error - 5:03:52 PM] Request textDocument/codeAction failed.
  Message: context canceled
  Code: 0 
[Info  - 5:03:59 PM] 2025/06/14 17:03:59 Created View (#10)
	directory=/home/ame/code
	view_type="GoMod"
	root_dir="file:///home/ame/code/notify-platform/user-service"
	go_version="go version go1.24.4 linux/amd64"
	build_flags=[]
	env={GOOS:linux GOARCH:amd64 GOCACHE:/home/ame/.cache/go-build GOMODCACHE:/home/ame/.cache/go/mod GOPATH:/home/ame/.local/share/go GOPRIVATE: GOFLAGS: GO111MODULE: GOTOOLCHAIN:auto GOROOT:/usr/lib/go GoVersion:24 GoVersionOutput:go version go1.24.4 linux/amd64
 ExplicitGOWORK: EffectiveGOPACKAGESDRIVER:}
	env_overlay=[]

[Info  - 5:03:59 PM] 2025/06/14 17:03:59 go/packages.Load #10
	view_id="10"
	snapshot=0
	directory=/home/ame/code
	query=[/home/ame/code/notify-platform/user-service/... builtin]
	packages=5
	duration=193.909386ms

[Info  - 5:04:00 PM] 2025/06/14 17:04:00 Created View (#11)
	directory=/home/ame/code
	view_type="GoMod"
	root_dir="file:///home/ame/code/notify-platform/user-service"
	go_version="go version go1.24.4 linux/amd64"
	build_flags=[]
	env={GOOS:linux GOARCH:amd64 GOCACHE:/home/ame/.cache/go-build GOMODCACHE:/home/ame/.cache/go/mod GOPATH:/home/ame/.local/share/go GOPRIVATE: GOFLAGS: GO111MODULE: GOTOOLCHAIN:auto GOROOT:/usr/lib/go GoVersion:24 GoVersionOutput:go version go1.24.4 linux/amd64
 ExplicitGOWORK: EffectiveGOPACKAGESDRIVER:}
	env_overlay=[]

[Info  - 5:04:00 PM] 2025/06/14 17:04:00 go/packages.Load #11
	view_id="11"
	snapshot=0
	directory=/home/ame/code
	query=[/home/ame/code/notify-platform/user-service/... builtin]
	packages=5
	duration=197.649469ms

[Info  - 5:04:01 PM] 2025/06/14 17:04:01 Created View (#12)
	directory=/home/ame/code
	view_type="GoMod"
	root_dir="file:///home/ame/code/notify-platform/user-service"
	go_version="go version go1.24.4 linux/amd64"
	build_flags=[]
	env={GOOS:linux GOARCH:amd64 GOCACHE:/home/ame/.cache/go-build GOMODCACHE:/home/ame/.cache/go/mod GOPATH:/home/ame/.local/share/go GOPRIVATE: GOFLAGS: GO111MODULE: GOTOOLCHAIN:auto GOROOT:/usr/lib/go GoVersion:24 GoVersionOutput:go version go1.24.4 linux/amd64
 ExplicitGOWORK: EffectiveGOPACKAGESDRIVER:}
	env_overlay=[]

[Info  - 5:04:01 PM] 2025/06/14 17:04:01 go/packages.Load #12
	view_id="12"
	snapshot=0
	directory=/home/ame/code
	query=[/home/ame/code/notify-platform/user-service/... builtin]
	packages=5
	duration=187.26957ms

[Error - 5:04:01 PM] Request textDocument/codeAction failed.
  Message: context canceled
  Code: 0 
[Info  - 5:04:06 PM] 2025/06/14 17:04:06 Created View (#13)
	directory=/home/ame/code
	view_type="GoMod"
	root_dir="file:///home/ame/code/notify-platform/notification-service"
	go_version="go version go1.24.4 linux/amd64"
	build_flags=[]
	env={GOOS:linux GOARCH:amd64 GOCACHE:/home/ame/.cache/go-build GOMODCACHE:/home/ame/.cache/go/mod GOPATH:/home/ame/.local/share/go GOPRIVATE: GOFLAGS: GO111MODULE: GOTOOLCHAIN:auto GOROOT:/usr/lib/go GoVersion:24 GoVersionOutput:go version go1.24.4 linux/amd64
 ExplicitGOWORK: EffectiveGOPACKAGESDRIVER:}
	env_overlay=[]

[Info  - 5:04:06 PM] 2025/06/14 17:04:06 go/packages.Load #13
	view_id="13"
	snapshot=0
	directory=/home/ame/code
	query=[/home/ame/code/notify-platform/notification-service/... builtin]
	packages=6
	duration=206.838697ms

[Error - 5:04:06 PM] Request textDocument/codeAction failed.
  Message: context canceled
  Code: 0 
[Info  - 5:04:10 PM] 2025/06/14 17:04:10 Created View (#14)
	directory=/home/ame/code
	view_type="GoMod"
	root_dir="file:///home/ame/code/notify-platform/notification-service"
	go_version="go version go1.24.4 linux/amd64"
	build_flags=[]
	env={GOOS:linux GOARCH:amd64 GOCACHE:/home/ame/.cache/go-build GOMODCACHE:/home/ame/.cache/go/mod GOPATH:/home/ame/.local/share/go GOPRIVATE: GOFLAGS: GO111MODULE: GOTOOLCHAIN:auto GOROOT:/usr/lib/go GoVersion:24 GoVersionOutput:go version go1.24.4 linux/amd64
 ExplicitGOWORK: EffectiveGOPACKAGESDRIVER:}
	env_overlay=[]

[Info  - 5:04:10 PM] 2025/06/14 17:04:10 go/packages.Load #14
	view_id="14"
	snapshot=0
	directory=/home/ame/code
	query=[/home/ame/code/notify-platform/notification-service/... builtin]
	packages=6
	duration=184.088726ms

[Info  - 5:04:11 PM] 2025/06/14 17:04:11 Created View (#15)
	directory=/home/ame/code
	view_type="GoMod"
	root_dir="file:///home/ame/code/notify-platform/notification-service"
	go_version="go version go1.24.4 linux/amd64"
	build_flags=[]
	env={GOOS:linux GOARCH:amd64 GOCACHE:/home/ame/.cache/go-build GOMODCACHE:/home/ame/.cache/go/mod GOPATH:/home/ame/.local/share/go GOPRIVATE: GOFLAGS: GO111MODULE: GOTOOLCHAIN:auto GOROOT:/usr/lib/go GoVersion:24 GoVersionOutput:go version go1.24.4 linux/amd64
 ExplicitGOWORK: EffectiveGOPACKAGESDRIVER:}
	env_overlay=[]

[Info  - 5:04:11 PM] 2025/06/14 17:04:11 go/packages.Load #15
	view_id="15"
	snapshot=0
	directory=/home/ame/code
	query=[/home/ame/code/notify-platform/notification-service/... builtin]
	packages=6
	duration=190.689574ms

[Info  - 5:04:14 PM] 2025/06/14 17:04:14 Created View (#16)
	directory=/home/ame/code
	view_type="GoMod"
	root_dir="file:///home/ame/code/notify-platform/notification-service"
	go_version="go version go1.24.4 linux/amd64"
	build_flags=[]
	env={GOOS:linux GOARCH:amd64 GOCACHE:/home/ame/.cache/go-build GOMODCACHE:/home/ame/.cache/go/mod GOPATH:/home/ame/.local/share/go GOPRIVATE: GOFLAGS: GO111MODULE: GOTOOLCHAIN:auto GOROOT:/usr/lib/go GoVersion:24 GoVersionOutput:go version go1.24.4 linux/amd64
 ExplicitGOWORK: EffectiveGOPACKAGESDRIVER:}
	env_overlay=[]

[Info  - 5:04:15 PM] 2025/06/14 17:04:15 go/packages.Load #16
	view_id="16"
	snapshot=0
	directory=/home/ame/code
	query=[/home/ame/code/notify-platform/notification-service/... builtin]
	packages=6
	duration=213.178619ms

[Error - 5:04:15 PM] Request textDocument/codeAction failed.
  Message: context canceled
  Code: 0 
[Info  - 5:04:45 PM] 2025/06/14 17:04:45 background imports cache refresh starting

[Info  - 5:04:45 PM] 2025/06/14 17:04:45 background refresh finished after 41.54336ms

[Info  - 5:10:03 PM] 2025/06/14 17:10:03 Created View (#17)
	directory=/home/ame/code
	view_type="GoMod"
	root_dir="file:///home/ame/code/notify-platform/user-service"
	go_version="go version go1.24.4 linux/amd64"
	build_flags=[]
	env={GOOS:linux GOARCH:amd64 GOCACHE:/home/ame/.cache/go-build GOMODCACHE:/home/ame/.cache/go/mod GOPATH:/home/ame/.local/share/go GOPRIVATE: GOFLAGS: GO111MODULE: GOTOOLCHAIN:auto GOROOT:/usr/lib/go GoVersion:24 GoVersionOutput:go version go1.24.4 linux/amd64
 ExplicitGOWORK: EffectiveGOPACKAGESDRIVER:}
	env_overlay=[]

[Info  - 5:10:03 PM] 2025/06/14 17:10:03 go/packages.Load #17
	view_id="17"
	snapshot=0
	directory=/home/ame/code
	query=[/home/ame/code/notify-platform/user-service/... builtin]
	packages=5
	duration=176.303724ms

[Info  - 5:10:06 PM] 2025/06/14 17:10:06 Created View (#18)
	directory=/home/ame/code
	view_type="GoMod"
	root_dir="file:///home/ame/code/notify-platform/user-service"
	go_version="go version go1.24.4 linux/amd64"
	build_flags=[]
	env={GOOS:linux GOARCH:amd64 GOCACHE:/home/ame/.cache/go-build GOMODCACHE:/home/ame/.cache/go/mod GOPATH:/home/ame/.local/share/go GOPRIVATE: GOFLAGS: GO111MODULE: GOTOOLCHAIN:auto GOROOT:/usr/lib/go GoVersion:24 GoVersionOutput:go version go1.24.4 linux/amd64
 ExplicitGOWORK: EffectiveGOPACKAGESDRIVER:}
	env_overlay=[]

[Info  - 5:10:06 PM] 2025/06/14 17:10:06 go/packages.Load #18
	view_id="18"
	snapshot=0
	directory=/home/ame/code
	query=[/home/ame/code/notify-platform/user-service/... builtin]
	packages=5
	duration=209.910521ms

[Error - 5:10:06 PM] Request textDocument/codeAction failed.
  Message: context canceled
  Code: 0 
[Info  - 5:10:25 PM] 2025/06/14 17:10:25 Created View (#19)
	directory=/home/ame/code
	view_type="GoMod"
	root_dir="file:///home/ame/code/notify-platform/user-service"
	go_version="go version go1.24.4 linux/amd64"
	build_flags=[]
	env={GOOS:linux GOARCH:amd64 GOCACHE:/home/ame/.cache/go-build GOMODCACHE:/home/ame/.cache/go/mod GOPATH:/home/ame/.local/share/go GOPRIVATE: GOFLAGS: GO111MODULE: GOTOOLCHAIN:auto GOROOT:/usr/lib/go GoVersion:24 GoVersionOutput:go version go1.24.4 linux/amd64
 ExplicitGOWORK: EffectiveGOPACKAGESDRIVER:}
	env_overlay=[]

[Info  - 5:10:25 PM] 2025/06/14 17:10:25 go/packages.Load #19
	view_id="19"
	snapshot=0
	directory=/home/ame/code
	query=[/home/ame/code/notify-platform/user-service/... builtin]
	packages=5
	duration=191.552389ms

[Info  - 5:10:29 PM] 2025/06/14 17:10:29 Created View (#20)
	directory=/home/ame/code
	view_type="GoMod"
	root_dir="file:///home/ame/code/notify-platform/user-service"
	go_version="go version go1.24.4 linux/amd64"
	build_flags=[]
	env={GOOS:linux GOARCH:amd64 GOCACHE:/home/ame/.cache/go-build GOMODCACHE:/home/ame/.cache/go/mod GOPATH:/home/ame/.local/share/go GOPRIVATE: GOFLAGS: GO111MODULE: GOTOOLCHAIN:auto GOROOT:/usr/lib/go GoVersion:24 GoVersionOutput:go version go1.24.4 linux/amd64
 ExplicitGOWORK: EffectiveGOPACKAGESDRIVER:}
	env_overlay=[]

[Info  - 5:10:29 PM] 2025/06/14 17:10:29 go/packages.Load #20
	view_id="20"
	snapshot=0
	directory=/home/ame/code
	query=[/home/ame/code/notify-platform/user-service/... builtin]
	packages=5
	duration=165.784901ms

[Info  - 5:10:37 PM] 2025/06/14 17:10:37 Created View (#21)
	directory=/home/ame/code
	view_type="GoMod"
	root_dir="file:///home/ame/code/notify-platform/user-service"
	go_version="go version go1.24.4 linux/amd64"
	build_flags=[]
	env={GOOS:linux GOARCH:amd64 GOCACHE:/home/ame/.cache/go-build GOMODCACHE:/home/ame/.cache/go/mod GOPATH:/home/ame/.local/share/go GOPRIVATE: GOFLAGS: GO111MODULE: GOTOOLCHAIN:auto GOROOT:/usr/lib/go GoVersion:24 GoVersionOutput:go version go1.24.4 linux/amd64
 ExplicitGOWORK: EffectiveGOPACKAGESDRIVER:}
	env_overlay=[]

[Info  - 5:10:37 PM] 2025/06/14 17:10:37 go/packages.Load #21
	view_id="21"
	snapshot=0
	directory=/home/ame/code
	query=[/home/ame/code/notify-platform/user-service/... builtin]
	packages=5
	duration=190.617196ms

[Info  - 5:10:38 PM] 2025/06/14 17:10:38 Created View (#22)
	directory=/home/ame/code
	view_type="GoMod"
	root_dir="file:///home/ame/code/notify-platform/user-service"
	go_version="go version go1.24.4 linux/amd64"
	build_flags=[]
	env={GOOS:linux GOARCH:amd64 GOCACHE:/home/ame/.cache/go-build GOMODCACHE:/home/ame/.cache/go/mod GOPATH:/home/ame/.local/share/go GOPRIVATE: GOFLAGS: GO111MODULE: GOTOOLCHAIN:auto GOROOT:/usr/lib/go GoVersion:24 GoVersionOutput:go version go1.24.4 linux/amd64
 ExplicitGOWORK: EffectiveGOPACKAGESDRIVER:}
	env_overlay=[]

[Info  - 5:10:38 PM] 2025/06/14 17:10:38 go/packages.Load #22
	view_id="22"
	snapshot=0
	directory=/home/ame/code
	query=[/home/ame/code/notify-platform/user-service/... builtin]
	packages=5
	duration=163.310788ms

[Info  - 5:10:41 PM] 2025/06/14 17:10:41 Created View (#23)
	directory=/home/ame/code
	view_type="GoMod"
	root_dir="file:///home/ame/code/notify-platform/workers/email-worker"
	go_version="go version go1.24.4 linux/amd64"
	build_flags=[]
	env={GOOS:linux GOARCH:amd64 GOCACHE:/home/ame/.cache/go-build GOMODCACHE:/home/ame/.cache/go/mod GOPATH:/home/ame/.local/share/go GOPRIVATE: GOFLAGS: GO111MODULE: GOTOOLCHAIN:auto GOROOT:/usr/lib/go GoVersion:24 GoVersionOutput:go version go1.24.4 linux/amd64
 ExplicitGOWORK: EffectiveGOPACKAGESDRIVER:}
	env_overlay=[]

[Info  - 5:10:41 PM] 2025/06/14 17:10:41 go/packages.Load #23
	view_id="23"
	snapshot=0
	directory=/home/ame/code
	query=[/home/ame/code/notify-platform/workers/email-worker/... builtin]
	packages=2
	duration=185.023409ms

[Info  - 5:11:11 PM] 2025/06/14 17:11:11 background imports cache refresh starting

[Info  - 5:11:11 PM] 2025/06/14 17:11:11 background refresh finished after 50.940129ms

[Info  - 5:35:12 PM] 2025/06/14 17:35:12 Created View (#24)
	directory=/home/ame/code
	view_type="GoMod"
	root_dir="file:///home/ame/code/notify-platform/notification-service"
	go_version="go version go1.24.4 linux/amd64"
	build_flags=[]
	env={GOOS:linux GOARCH:amd64 GOCACHE:/home/ame/.cache/go-build GOMODCACHE:/home/ame/.cache/go/mod GOPATH:/home/ame/.local/share/go GOPRIVATE: GOFLAGS: GO111MODULE: GOTOOLCHAIN:auto GOROOT:/usr/lib/go GoVersion:24 GoVersionOutput:go version go1.24.4 linux/amd64
 ExplicitGOWORK: EffectiveGOPACKAGESDRIVER:}
	env_overlay=[]

[Info  - 5:35:12 PM] 2025/06/14 17:35:12 go/packages.Load #24
	view_id="24"
	snapshot=0
	directory=/home/ame/code
	query=[/home/ame/code/notify-platform/notification-service/... builtin]
	packages=6
	duration=229.942058ms

[Error - 5:35:12 PM] Request textDocument/codeAction failed.
  Message: context canceled
  Code: 0 
[Info  - 6:17:15 PM] 2025/06/14 18:17:15 Shutdown session
	shutdown_session=1

