[Info  - 9:21:57 AM] 2025/06/13 09:21:57 Created View (#1)
	directory=/home/ame/code
	view_type="AdHoc"
	root_dir="file:///home/ame/code"
	go_version="go version go1.24.4 linux/amd64"
	build_flags=[]
	env={GOOS:linux GOARCH:amd64 GOCACHE:/home/ame/.cache/go-build GOMODCACHE:/home/ame/.cache/go/mod GOPATH:/home/ame/.local/share/go GOPRIVATE: GOFLAGS: GO111MODULE: GOTOOLCHAIN:auto GOROOT:/usr/lib/go GoVersion:24 GoVersionOutput:go version go1.24.4 linux/amd64
 ExplicitGOWORK: EffectiveGOPACKAGESDRIVER:}
	env_overlay=[]

[Info  - 9:21:57 AM] 2025/06/13 09:21:57 go/packages.Load #1
	view_id="1"
	snapshot=0
	directory=/home/ame/code
	query=[./ builtin]
	packages=2
	duration=54.978005ms

[Info  - 9:21:57 AM] 2025/06/13 09:21:57 Created View (#2)
	directory=/home/ame/code
	view_type="GoMod"
	root_dir="file:///home/ame/code/notify-platform/notification-service"
	go_version="go version go1.24.4 linux/amd64"
	build_flags=[]
	env={GOOS:linux GOARCH:amd64 GOCACHE:/home/ame/.cache/go-build GOMODCACHE:/home/ame/.cache/go/mod GOPATH:/home/ame/.local/share/go GOPRIVATE: GOFLAGS: GO111MODULE: GOTOOLCHAIN:auto GOROOT:/usr/lib/go GoVersion:24 GoVersionOutput:go version go1.24.4 linux/amd64
 ExplicitGOWORK: EffectiveGOPACKAGESDRIVER:}
	env_overlay=[]

[Info  - 9:21:58 AM] 2025/06/13 09:21:58 go/packages.Load #2
	view_id="2"
	snapshot=0
	directory=/home/ame/code
	query=[/home/ame/code/notify-platform/notification-service/... builtin]
	packages=6
	duration=464.723036ms

[Info  - 9:22:18 AM] 2025/06/13 09:22:18 Created View (#3)
	directory=/home/ame/code
	view_type="GoMod"
	root_dir="file:///home/ame/code/notify-platform/user-service"
	go_version="go version go1.24.4 linux/amd64"
	build_flags=[]
	env={GOOS:linux GOARCH:amd64 GOCACHE:/home/ame/.cache/go-build GOMODCACHE:/home/ame/.cache/go/mod GOPATH:/home/ame/.local/share/go GOPRIVATE: GOFLAGS: GO111MODULE: GOTOOLCHAIN:auto GOROOT:/usr/lib/go GoVersion:24 GoVersionOutput:go version go1.24.4 linux/amd64
 ExplicitGOWORK: EffectiveGOPACKAGESDRIVER:}
	env_overlay=[]

[Info  - 9:22:18 AM] 2025/06/13 09:22:18 go/packages.Load #3
	view_id="3"
	snapshot=0
	directory=/home/ame/code
	query=[/home/ame/code/notify-platform/user-service/... builtin]
	packages=5
	duration=234.605259ms

[Error - 9:22:18 AM] Request textDocument/codeAction failed.
  Message: context canceled
  Code: 0 
[Info  - 9:22:27 AM] 2025/06/13 09:22:27 background imports cache refresh starting

[Info  - 9:22:27 AM] 2025/06/13 09:22:27 background refresh finished after 8.487886ms

[Info  - 9:22:27 AM] 2025/06/13 09:22:27 background imports cache refresh starting

[Info  - 9:22:28 AM] 2025/06/13 09:22:28 background refresh finished after 375.936528ms

[Info  - 9:22:48 AM] 2025/06/13 09:22:48 background imports cache refresh starting

[Info  - 9:22:48 AM] 2025/06/13 09:22:48 background refresh finished after 61.485208ms

[Info  - 9:23:19 AM] 2025/06/13 09:23:19 background imports cache refresh starting

[Info  - 9:23:19 AM] 2025/06/13 09:23:19 background refresh finished after 18.875719ms

[Info  - 9:23:27 AM] 2025/06/13 09:23:27 Shutdown session
	shutdown_session=1

