2025-06-13 09:21:57.926 [info] [main] Log level: Info
2025-06-13 09:21:57.926 [info] [main] Validating found git in: "git"
2025-06-13 09:21:57.926 [info] [main] Using git "2.49.0" from "git"
2025-06-13 09:21:57.926 [info] [Model][doInitialScan] Initial repository scan started
2025-06-13 09:21:57.926 [info] > git rev-parse --show-toplevel [50ms]
2025-06-13 09:21:57.926 [info] fatal: not a git repository (or any of the parent directories): .git
2025-06-13 09:21:57.926 [info] > git rev-parse --show-toplevel [25ms]
2025-06-13 09:21:57.926 [info] fatal: not a git repository (or any of the parent directories): .git
2025-06-13 09:21:57.948 [info] > git rev-parse --show-toplevel [5ms]
2025-06-13 09:21:57.948 [info] fatal: not a git repository (or any of the parent directories): .git
2025-06-13 09:21:57.964 [info] > git rev-parse --show-toplevel [1ms]
2025-06-13 09:21:57.964 [info] fatal: not a git repository (or any of the parent directories): .git
2025-06-13 09:21:57.988 [info] > git rev-parse --show-toplevel [1ms]
2025-06-13 09:21:57.988 [info] fatal: not a git repository (or any of the parent directories): .git
2025-06-13 09:21:58.011 [info] > git rev-parse --show-toplevel [5ms]
2025-06-13 09:21:58.011 [info] fatal: not a git repository (or any of the parent directories): .git
2025-06-13 09:21:58.029 [info] > git rev-parse --show-toplevel [2ms]
2025-06-13 09:21:58.029 [info] fatal: not a git repository (or any of the parent directories): .git
2025-06-13 09:21:58.047 [info] > git rev-parse --show-toplevel [4ms]
2025-06-13 09:21:58.048 [info] fatal: not a git repository (or any of the parent directories): .git
2025-06-13 09:21:58.067 [info] > git rev-parse --show-toplevel [4ms]
2025-06-13 09:21:58.067 [info] fatal: not a git repository (or any of the parent directories): .git
2025-06-13 09:21:58.069 [info] [Model][doInitialScan] Initial repository scan completed - repositories (0), closed repositories (0), parent repositories (0), unsafe repositories (0)
2025-06-13 09:22:03.557 [info] > git rev-parse --show-toplevel [3ms]
2025-06-13 09:22:03.557 [info] fatal: not a git repository (or any of the parent directories): .git
2025-06-13 09:22:08.899 [info] > git rev-parse --show-toplevel [2ms]
2025-06-13 09:22:08.899 [info] fatal: not a git repository (or any of the parent directories): .git
2025-06-13 09:22:09.159 [info] > git rev-parse --show-toplevel [4ms]
2025-06-13 09:22:09.160 [info] fatal: not a git repository (or any of the parent directories): .git
2025-06-13 09:22:09.357 [info] > git rev-parse --show-toplevel [2ms]
2025-06-13 09:22:09.357 [info] fatal: not a git repository (or any of the parent directories): .git
2025-06-13 09:22:18.502 [info] > git rev-parse --show-toplevel [4ms]
2025-06-13 09:22:18.502 [info] fatal: not a git repository (or any of the parent directories): .git
2025-06-13 09:23:07.244 [info] > git rev-parse --show-toplevel [4ms]
2025-06-13 09:23:07.244 [info] fatal: not a git repository (or any of the parent directories): .git
