[Info  - 8:09:17 PM] 2025/06/10 20:09:17 Created View (#1)
	directory=/home/ame/code
	view_type="AdHoc"
	root_dir="file:///home/ame/code"
	go_version="go version go1.24.4 linux/amd64"
	build_flags=[]
	env={GOOS:linux GOARCH:amd64 GOCACHE:/home/ame/.cache/go-build GOMODCACHE:/home/ame/.cache/go/mod GOPATH:/home/ame/.local/share/go GOPRIVATE: GOFLAGS: GO111MODULE: GOTOOLCHAIN:auto GOROOT:/usr/lib/go GoVersion:24 GoVersionOutput:go version go1.24.4 linux/amd64
 ExplicitGOWORK: EffectiveGOPACKAGESDRIVER:}
	env_overlay=[]

[Info  - 8:09:17 PM] 2025/06/10 20:09:17 go/packages.Load #1
	view_id="1"
	snapshot=0
	directory=/home/ame/code
	query=[./ builtin]
	packages=2
	duration=30.458907ms

[Info  - 8:09:17 PM] 2025/06/10 20:09:17 Created View (#2)
	directory=/home/ame/code
	view_type="GoMod"
	root_dir="file:///home/ame/code/notify-platform/notification-service"
	go_version="go version go1.24.4 linux/amd64"
	build_flags=[]
	env={GOOS:linux GOARCH:amd64 GOCACHE:/home/ame/.cache/go-build GOMODCACHE:/home/ame/.cache/go/mod GOPATH:/home/ame/.local/share/go GOPRIVATE: GOFLAGS: GO111MODULE: GOTOOLCHAIN:auto GOROOT:/usr/lib/go GoVersion:24 GoVersionOutput:go version go1.24.4 linux/amd64
 ExplicitGOWORK: EffectiveGOPACKAGESDRIVER:}
	env_overlay=[]

[Info  - 8:09:17 PM] 2025/06/10 20:09:17 go/packages.Load #2
	view_id="2"
	snapshot=0
	directory=/home/ame/code
	query=[/home/ame/code/notify-platform/notification-service/... builtin]
	packages=6
	duration=317.249184ms

[Info  - 8:09:20 PM] 2025/06/10 20:09:20 Created View (#3)
	directory=/home/ame/code
	view_type="GoMod"
	root_dir="file:///home/ame/code/notify-platform/workers/email-worker"
	go_version="go version go1.24.4 linux/amd64"
	build_flags=[]
	env={GOOS:linux GOARCH:amd64 GOCACHE:/home/ame/.cache/go-build GOMODCACHE:/home/ame/.cache/go/mod GOPATH:/home/ame/.local/share/go GOPRIVATE: GOFLAGS: GO111MODULE: GOTOOLCHAIN:auto GOROOT:/usr/lib/go GoVersion:24 GoVersionOutput:go version go1.24.4 linux/amd64
 ExplicitGOWORK: EffectiveGOPACKAGESDRIVER:}
	env_overlay=[]

[Info  - 8:09:20 PM] 2025/06/10 20:09:20 go/packages.Load #3
	view_id="3"
	snapshot=0
	directory=/home/ame/code
	query=[/home/ame/code/notify-platform/workers/email-worker/... builtin]
	packages=2
	duration=186.988356ms

[Info  - 8:09:47 PM] 2025/06/10 20:09:47 background imports cache refresh starting

[Info  - 8:09:47 PM] 2025/06/10 20:09:47 background refresh finished after 8.686672ms

[Info  - 8:09:47 PM] 2025/06/10 20:09:47 background imports cache refresh starting

[Info  - 8:09:47 PM] 2025/06/10 20:09:47 background refresh finished after 159.264659ms

[Info  - 8:09:53 PM] 2025/06/10 20:09:53 Created View (#4)
	directory=/home/ame/code
	view_type="GoMod"
	root_dir="file:///home/ame/code/notify-platform/workers/email-worker"
	go_version="go version go1.24.4 linux/amd64"
	build_flags=[]
	env={GOOS:linux GOARCH:amd64 GOCACHE:/home/ame/.cache/go-build GOMODCACHE:/home/ame/.cache/go/mod GOPATH:/home/ame/.local/share/go GOPRIVATE: GOFLAGS: GO111MODULE: GOTOOLCHAIN:auto GOROOT:/usr/lib/go GoVersion:24 GoVersionOutput:go version go1.24.4 linux/amd64
 ExplicitGOWORK: EffectiveGOPACKAGESDRIVER:}
	env_overlay=[]

[Info  - 8:09:53 PM] 2025/06/10 20:09:53 go/packages.Load #4
	view_id="4"
	snapshot=0
	directory=/home/ame/code
	query=[/home/ame/code/notify-platform/workers/email-worker/... builtin]
	packages=2
	duration=204.513878ms

[Error - 8:09:53 PM] Request textDocument/codeAction failed.
  Message: context canceled
  Code: 0 
[Info  - 8:10:00 PM] 2025/06/10 20:10:00 Created View (#5)
	directory=/home/ame/code
	view_type="GoMod"
	root_dir="file:///home/ame/code/notify-platform/workers/telegram-worker"
	go_version="go version go1.24.4 linux/amd64"
	build_flags=[]
	env={GOOS:linux GOARCH:amd64 GOCACHE:/home/ame/.cache/go-build GOMODCACHE:/home/ame/.cache/go/mod GOPATH:/home/ame/.local/share/go GOPRIVATE: GOFLAGS: GO111MODULE: GOTOOLCHAIN:auto GOROOT:/usr/lib/go GoVersion:24 GoVersionOutput:go version go1.24.4 linux/amd64
 ExplicitGOWORK: EffectiveGOPACKAGESDRIVER:}
	env_overlay=[]

[Info  - 8:10:00 PM] 2025/06/10 20:10:00 go/packages.Load #5
	view_id="5"
	snapshot=0
	directory=/home/ame/code
	query=[/home/ame/code/notify-platform/workers/telegram-worker/... builtin]
	packages=2
	duration=182.941449ms

[Info  - 8:10:08 PM] 2025/06/10 20:10:08 Created View (#6)
	directory=/home/ame/code
	view_type="GoMod"
	root_dir="file:///home/ame/code/notify-platform/workers/whatsapp-worker"
	go_version="go version go1.24.4 linux/amd64"
	build_flags=[]
	env={GOOS:linux GOARCH:amd64 GOCACHE:/home/ame/.cache/go-build GOMODCACHE:/home/ame/.cache/go/mod GOPATH:/home/ame/.local/share/go GOPRIVATE: GOFLAGS: GO111MODULE: GOTOOLCHAIN:auto GOROOT:/usr/lib/go GoVersion:24 GoVersionOutput:go version go1.24.4 linux/amd64
 ExplicitGOWORK: EffectiveGOPACKAGESDRIVER:}
	env_overlay=[]

[Info  - 8:10:09 PM] 2025/06/10 20:10:09 go/packages.Load #6
	view_id="6"
	snapshot=0
	directory=/home/ame/code
	query=[/home/ame/code/notify-platform/workers/whatsapp-worker/... builtin]
	packages=2
	duration=213.698704ms

[Error - 8:10:09 PM] Request textDocument/codeAction failed.
  Message: context canceled
  Code: 0 
[Info  - 8:10:22 PM] 2025/06/10 20:10:22 Created View (#7)
	directory=/home/ame/code
	view_type="GoMod"
	root_dir="file:///home/ame/code/notify-platform/workers/email-worker"
	go_version="go version go1.24.4 linux/amd64"
	build_flags=[]
	env={GOOS:linux GOARCH:amd64 GOCACHE:/home/ame/.cache/go-build GOMODCACHE:/home/ame/.cache/go/mod GOPATH:/home/ame/.local/share/go GOPRIVATE: GOFLAGS: GO111MODULE: GOTOOLCHAIN:auto GOROOT:/usr/lib/go GoVersion:24 GoVersionOutput:go version go1.24.4 linux/amd64
 ExplicitGOWORK: EffectiveGOPACKAGESDRIVER:}
	env_overlay=[]

[Info  - 8:10:22 PM] 2025/06/10 20:10:22 go/packages.Load #7
	view_id="7"
	snapshot=0
	directory=/home/ame/code
	query=[/home/ame/code/notify-platform/workers/email-worker/... builtin]
	packages=2
	duration=234.094431ms

[Error - 8:10:22 PM] Request textDocument/codeAction failed.
  Message: context canceled
  Code: 0 
[Info  - 8:10:52 PM] 2025/06/10 20:10:52 background imports cache refresh starting

[Info  - 8:10:52 PM] 2025/06/10 20:10:52 background refresh finished after 47.33207ms

[Info  - 8:10:55 PM] 2025/06/10 20:10:55 Shutdown session
	shutdown_session=1

