2025-06-16 23:22:13.713 [info] Extension host with pid 28628 started
2025-06-16 23:22:13.713 [info] Skipping acquiring lock for /home/ame/.config/Code - OSS/User/workspaceStorage/d74d8c354d300f87939a00dfe2d407f9.
2025-06-16 23:22:13.758 [info] ExtensionService#_doActivateExtension vscode.configuration-editing, startup: false, activationEvent: 'onLanguage:jsonc'
2025-06-16 23:22:13.807 [info] ExtensionService#_doActivateExtension vscode.json-language-features, startup: false, activationEvent: 'onLanguage:jsonc'
2025-06-16 23:22:13.954 [info] ExtensionService#_doActivateExtension vscode.typescript-language-features, startup: false, activationEvent: 'onLanguage:jsonc'
2025-06-16 23:22:14.031 [info] ExtensionService#_doActivateExtension vscode.emmet, startup: false, activationEvent: 'onLanguage'
2025-06-16 23:22:14.375 [info] ExtensionService#_doActivateExtension vscode.git-base, startup: true, activationEvent: '*', root cause: vscode.git
2025-06-16 23:22:14.380 [info] ExtensionService#_doActivateExtension vscode.git, startup: true, activationEvent: '*'
2025-06-16 23:22:14.433 [info] ExtensionService#_doActivateExtension vscode.github, startup: true, activationEvent: '*'
2025-06-16 23:22:14.516 [info] Eager extensions activated
2025-06-16 23:22:14.539 [info] ExtensionService#_doActivateExtension vscode.debug-auto-launch, startup: false, activationEvent: 'onStartupFinished'
2025-06-16 23:22:14.542 [info] ExtensionService#_doActivateExtension vscode.merge-conflict, startup: false, activationEvent: 'onStartupFinished'
2025-06-16 23:22:14.796 [info] ExtensionService#_doActivateExtension vscode.github-authentication, startup: false, activationEvent: 'onAuthenticationRequest:github'
2025-06-16 23:22:39.161 [info] Extension host terminating: renderer closed the MessagePort
2025-06-16 23:22:39.175 [info] Extension host with pid 28628 exiting with code 0
2025-06-16 23:22:40.841 [info] Extension host with pid 28726 started
2025-06-16 23:22:40.841 [info] Skipping acquiring lock for /home/ame/.config/Code - OSS/User/workspaceStorage/a07dd23efb196335ec4f5e4dc8994e10.
2025-06-16 23:22:41.011 [info] ExtensionService#_doActivateExtension vscode.configuration-editing, startup: false, activationEvent: 'onLanguage:jsonc'
2025-06-16 23:22:41.039 [info] ExtensionService#_doActivateExtension vscode.json-language-features, startup: false, activationEvent: 'onLanguage:jsonc'
2025-06-16 23:22:41.129 [info] ExtensionService#_doActivateExtension vscode.typescript-language-features, startup: false, activationEvent: 'onLanguage:jsonc'
2025-06-16 23:22:41.186 [info] ExtensionService#_doActivateExtension vscode.emmet, startup: false, activationEvent: 'onLanguage'
2025-06-16 23:22:41.495 [info] ExtensionService#_doActivateExtension vscode.git-base, startup: true, activationEvent: '*'
2025-06-16 23:22:41.501 [info] ExtensionService#_doActivateExtension vscode.github, startup: true, activationEvent: '*'
2025-06-16 23:22:41.537 [info] Eager extensions activated
2025-06-16 23:22:41.539 [info] ExtensionService#_doActivateExtension vscode.debug-auto-launch, startup: false, activationEvent: 'onStartupFinished'
2025-06-16 23:22:41.543 [info] ExtensionService#_doActivateExtension vscode.merge-conflict, startup: false, activationEvent: 'onStartupFinished'
2025-06-16 23:22:44.299 [info] ExtensionService#_doActivateExtension vscode.git, startup: false, activationEvent: 'api', root cause: vscode.github
2025-06-16 23:51:27.870 [info] Extension host terminating: renderer closed the MessagePort
2025-06-16 23:51:27.896 [info] Extension host with pid 28726 exiting with code 0
