[Info  - 6:22:13 PM] 2025/06/14 18:22:13 Created View (#1)
	directory=/home/ame/code
	view_type="AdHoc"
	root_dir="file:///home/ame/code"
	go_version="go version go1.24.4 linux/amd64"
	build_flags=[]
	env={GOOS:linux GOARCH:amd64 GOCACHE:/home/ame/.cache/go-build GOMODCACHE:/home/ame/.cache/go/mod GOPATH:/home/ame/.local/share/go GOPRIVATE: GOFLAGS: GO111MODULE: GOTOOLCHAIN:auto GOROOT:/usr/lib/go GoVersion:24 GoVersionOutput:go version go1.24.4 linux/amd64
 ExplicitGOWORK: EffectiveGOPACKAGESDRIVER:}
	env_overlay=[]

[Info  - 6:22:13 PM] 2025/06/14 18:22:13 go/packages.Load #1
	view_id="1"
	snapshot=0
	directory=/home/ame/code
	query=[./ builtin]
	packages=2
	duration=34.32062ms

[Info  - 6:22:13 PM] 2025/06/14 18:22:13 Created View (#2)
	directory=/home/ame/code
	view_type="GoMod"
	root_dir="file:///home/ame/code/notify-platform/notification-service"
	go_version="go version go1.24.4 linux/amd64"
	build_flags=[]
	env={GOOS:linux GOARCH:amd64 GOCACHE:/home/ame/.cache/go-build GOMODCACHE:/home/ame/.cache/go/mod GOPATH:/home/ame/.local/share/go GOPRIVATE: GOFLAGS: GO111MODULE: GOTOOLCHAIN:auto GOROOT:/usr/lib/go GoVersion:24 GoVersionOutput:go version go1.24.4 linux/amd64
 ExplicitGOWORK: EffectiveGOPACKAGESDRIVER:}
	env_overlay=[]

[Info  - 6:22:14 PM] 2025/06/14 18:22:14 go/packages.Load #2
	view_id="2"
	snapshot=0
	directory=/home/ame/code
	query=[/home/ame/code/notify-platform/notification-service/... builtin]
	packages=6
	duration=223.567278ms

[Info  - 6:22:43 PM] 2025/06/14 18:22:43 background imports cache refresh starting

[Info  - 6:22:43 PM] 2025/06/14 18:22:43 background refresh finished after 6.992699ms

[Info  - 6:22:43 PM] 2025/06/14 18:22:43 background imports cache refresh starting

[Info  - 6:22:44 PM] 2025/06/14 18:22:44 background refresh finished after 234.016601ms

[Info  - 6:23:24 PM] 2025/06/14 18:23:24 background imports cache refresh starting

[Info  - 6:23:24 PM] 2025/06/14 18:23:24 background refresh finished after 10.74111ms

[Info  - 6:24:01 PM] 2025/06/14 18:24:01 background imports cache refresh starting

[Info  - 6:24:01 PM] 2025/06/14 18:24:01 background refresh finished after 11.292438ms

[Info  - 6:24:34 PM] 2025/06/14 18:24:34 Created View (#3)
	directory=/home/ame/code
	view_type="GoMod"
	root_dir="file:///home/ame/code/notify-platform/user-service"
	go_version="go version go1.24.4 linux/amd64"
	build_flags=[]
	env={GOOS:linux GOARCH:amd64 GOCACHE:/home/ame/.cache/go-build GOMODCACHE:/home/ame/.cache/go/mod GOPATH:/home/ame/.local/share/go GOPRIVATE: GOFLAGS: GO111MODULE: GOTOOLCHAIN:auto GOROOT:/usr/lib/go GoVersion:24 GoVersionOutput:go version go1.24.4 linux/amd64
 ExplicitGOWORK: EffectiveGOPACKAGESDRIVER:}
	env_overlay=[]

[Info  - 6:24:34 PM] 2025/06/14 18:24:34 go/packages.Load #3
	view_id="3"
	snapshot=0
	directory=/home/ame/code
	query=[/home/ame/code/notify-platform/user-service/... builtin]
	packages=5
	duration=188.732426ms

[Error - 6:24:34 PM] Request textDocument/codeAction failed.
  Message: context canceled
  Code: 0 
[Info  - 6:25:04 PM] 2025/06/14 18:25:04 background imports cache refresh starting

[Info  - 6:25:04 PM] 2025/06/14 18:25:04 background refresh finished after 51.809215ms

[Error - 6:25:32 PM] Request textDocument/definition failed.
  Message: can't find definitions for file type go.mod
  Code: 0 
[Info  - 6:25:41 PM] 2025/06/14 18:25:41 background imports cache refresh starting

[Info  - 6:25:41 PM] 2025/06/14 18:25:41 background refresh finished after 11.476113ms

[Info  - 6:25:41 PM] 2025/06/14 18:25:41 Created View (#4)
	directory=/home/ame/code
	view_type="GoMod"
	root_dir="file:///home/ame/code/notify-platform/workers/email-worker"
	go_version="go version go1.24.4 linux/amd64"
	build_flags=[]
	env={GOOS:linux GOARCH:amd64 GOCACHE:/home/ame/.cache/go-build GOMODCACHE:/home/ame/.cache/go/mod GOPATH:/home/ame/.local/share/go GOPRIVATE: GOFLAGS: GO111MODULE: GOTOOLCHAIN:auto GOROOT:/usr/lib/go GoVersion:24 GoVersionOutput:go version go1.24.4 linux/amd64
 ExplicitGOWORK: EffectiveGOPACKAGESDRIVER:}
	env_overlay=[]

[Info  - 6:25:41 PM] 2025/06/14 18:25:41 go/packages.Load #6
	view_id="4"
	snapshot=0
	directory=/home/ame/code
	query=[/home/ame/code/notify-platform/workers/email-worker/... builtin]
	packages=2
	duration=193.509609ms

[Info  - 6:26:02 PM] 2025/06/14 18:26:02 Created View (#5)
	directory=/home/ame/code
	view_type="GoMod"
	root_dir="file:///home/ame/code/notify-platform/workers/telegram-worker"
	go_version="go version go1.24.4 linux/amd64"
	build_flags=[]
	env={GOOS:linux GOARCH:amd64 GOCACHE:/home/ame/.cache/go-build GOMODCACHE:/home/ame/.cache/go/mod GOPATH:/home/ame/.local/share/go GOPRIVATE: GOFLAGS: GO111MODULE: GOTOOLCHAIN:auto GOROOT:/usr/lib/go GoVersion:24 GoVersionOutput:go version go1.24.4 linux/amd64
 ExplicitGOWORK: EffectiveGOPACKAGESDRIVER:}
	env_overlay=[]

[Info  - 6:26:02 PM] 2025/06/14 18:26:02 go/packages.Load #8
	view_id="5"
	snapshot=0
	directory=/home/ame/code
	query=[/home/ame/code/notify-platform/workers/telegram-worker/... builtin]
	packages=2
	duration=163.71272ms

[Info  - 6:26:11 PM] 2025/06/14 18:26:11 background imports cache refresh starting

[Info  - 6:26:11 PM] 2025/06/14 18:26:11 background refresh finished after 50.423879ms

[Info  - 6:26:15 PM] 2025/06/14 18:26:15 Created View (#6)
	directory=/home/ame/code
	view_type="GoMod"
	root_dir="file:///home/ame/code/notify-platform/workers/whatsapp-worker"
	go_version="go version go1.24.4 linux/amd64"
	build_flags=[]
	env={GOOS:linux GOARCH:amd64 GOCACHE:/home/ame/.cache/go-build GOMODCACHE:/home/ame/.cache/go/mod GOPATH:/home/ame/.local/share/go GOPRIVATE: GOFLAGS: GO111MODULE: GOTOOLCHAIN:auto GOROOT:/usr/lib/go GoVersion:24 GoVersionOutput:go version go1.24.4 linux/amd64
 ExplicitGOWORK: EffectiveGOPACKAGESDRIVER:}
	env_overlay=[]

[Info  - 6:26:15 PM] 2025/06/14 18:26:15 go/packages.Load #9
	view_id="6"
	snapshot=0
	directory=/home/ame/code
	query=[/home/ame/code/notify-platform/workers/whatsapp-worker/... builtin]
	packages=2
	duration=159.380522ms

[Info  - 6:26:24 PM] 2025/06/14 18:26:24 Created View (#7)
	directory=/home/ame/code
	view_type="GoMod"
	root_dir="file:///home/ame/code/notify-platform"
	go_version="go version go1.24.4 linux/amd64"
	build_flags=[]
	env={GOOS:linux GOARCH:amd64 GOCACHE:/home/ame/.cache/go-build GOMODCACHE:/home/ame/.cache/go/mod GOPATH:/home/ame/.local/share/go GOPRIVATE: GOFLAGS: GO111MODULE: GOTOOLCHAIN:auto GOROOT:/usr/lib/go GoVersion:24 GoVersionOutput:go version go1.24.4 linux/amd64
 ExplicitGOWORK: EffectiveGOPACKAGESDRIVER:}
	env_overlay=[]

[Info  - 6:26:24 PM] 2025/06/14 18:26:24 go/packages.Load #10
	view_id="7"
	snapshot=0
	directory=/home/ame/code
	query=[/home/ame/code/notify-platform/... builtin]
	packages=1
	duration=24.101776ms

[Info  - 6:26:32 PM] 2025/06/14 18:26:32 background imports cache refresh starting

[Info  - 6:26:32 PM] 2025/06/14 18:26:32 background refresh finished after 39.255337ms

[Info  - 6:26:45 PM] 2025/06/14 18:26:45 background imports cache refresh starting

[Info  - 6:26:45 PM] 2025/06/14 18:26:45 background refresh finished after 44.537621ms

[Error - 6:27:55 PM] Request textDocument/definition failed.
  Message: can't find definitions for file type go.mod
  Code: 0 
[Error - 6:28:05 PM] Request textDocument/definition failed.
  Message: can't find definitions for file type go.sum
  Code: 0 
[Error - 6:28:05 PM] Request textDocument/definition failed.
  Message: can't find definitions for file type go.sum
  Code: 0 
[Error - 6:28:05 PM] Request textDocument/definition failed.
  Message: can't find definitions for file type go.sum
  Code: 0 
[Error - 6:28:05 PM] Request textDocument/definition failed.
  Message: can't find definitions for file type go.sum
  Code: 0 
[Error - 6:28:05 PM] Request textDocument/definition failed.
  Message: can't find definitions for file type go.sum
  Code: 0 
[Error - 6:28:05 PM] Request textDocument/definition failed.
  Message: can't find definitions for file type go.sum
  Code: 0 
[Error - 6:28:05 PM] Request textDocument/definition failed.
  Message: can't find definitions for file type go.sum
  Code: 0 
[Info  - 6:28:06 PM] 2025/06/14 18:28:06 go/packages.Load #12
	view_id="3"
	snapshot=78
	directory=/home/ame/code
	query=[/home/ame/code/notify-platform/user-service/... builtin]
	packages=5
	duration=169.651402ms

[Info  - 6:28:19 PM] 2025/06/14 18:28:19 Shutdown session
	shutdown_session=1

