2025-06-14 15:42:23.547 [info] Extension host with pid 14043 started
2025-06-14 15:42:23.547 [info] Skipping acquiring lock for /home/ame/.config/Code - OSS/User/workspaceStorage/d74d8c354d300f87939a00dfe2d407f9.
2025-06-14 15:42:24.035 [info] ExtensionService#_doActivateExtension vscode.emmet, startup: false, activationEvent: 'onLanguage'
2025-06-14 15:42:24.074 [info] ExtensionService#_doActivateExtension golang.go, startup: false, activationEvent: 'onLanguage:go'
2025-06-14 15:42:24.218 [info] ExtensionService#_doActivateExtension vscode.typescript-language-features, startup: false, activationEvent: 'onLanguage:javascript'
2025-06-14 15:42:24.690 [info] ExtensionService#_doActivateExtension vscode.configuration-editing, startup: false, activationEvent: 'onLanguage:jsonc'
2025-06-14 15:42:24.709 [info] ExtensionService#_doActivateExtension vscode.json-language-features, startup: false, activationEvent: 'onLanguage:jsonc'
2025-06-14 15:42:24.854 [info] ExtensionService#_doActivateExtension vscode.git-base, startup: true, activationEvent: '*', root cause: vscode.git
2025-06-14 15:42:24.912 [info] ExtensionService#_doActivateExtension vscode.git, startup: true, activationEvent: '*'
2025-06-14 15:42:24.996 [info] ExtensionService#_doActivateExtension vscode.github, startup: true, activationEvent: '*'
2025-06-14 15:42:25.159 [info] Eager extensions activated
2025-06-14 15:42:25.365 [info] ExtensionService#_doActivateExtension vscode.debug-auto-launch, startup: false, activationEvent: 'onStartupFinished'
2025-06-14 15:42:25.371 [info] ExtensionService#_doActivateExtension vscode.merge-conflict, startup: false, activationEvent: 'onStartupFinished'
2025-06-14 17:03:19.774 [error] [golang.go] provider FAILED
2025-06-14 17:03:19.776 [error] Error: context canceled
	at handleResponse (/home/ame/.vscode-oss/extensions/golang.go-0.46.1-universal/dist/goMain.js:8582:40)
	at handleMessage (/home/ame/.vscode-oss/extensions/golang.go-0.46.1-universal/dist/goMain.js:8392:11)
	at processMessageQueue (/home/ame/.vscode-oss/extensions/golang.go-0.46.1-universal/dist/goMain.js:8407:13)
	at Immediate.<anonymous> (/home/ame/.vscode-oss/extensions/golang.go-0.46.1-universal/dist/goMain.js:8383:11)
	at process.processImmediate (node:internal/timers:483:21)
2025-06-14 17:03:33.289 [error] [golang.go] provider FAILED
2025-06-14 17:03:33.291 [error] Error: context canceled
	at handleResponse (/home/ame/.vscode-oss/extensions/golang.go-0.46.1-universal/dist/goMain.js:8582:40)
	at handleMessage (/home/ame/.vscode-oss/extensions/golang.go-0.46.1-universal/dist/goMain.js:8392:11)
	at processMessageQueue (/home/ame/.vscode-oss/extensions/golang.go-0.46.1-universal/dist/goMain.js:8407:13)
	at Immediate.<anonymous> (/home/ame/.vscode-oss/extensions/golang.go-0.46.1-universal/dist/goMain.js:8383:11)
	at process.processImmediate (node:internal/timers:483:21)
2025-06-14 17:03:52.731 [error] [golang.go] provider FAILED
2025-06-14 17:03:52.732 [error] Error: context canceled
	at handleResponse (/home/ame/.vscode-oss/extensions/golang.go-0.46.1-universal/dist/goMain.js:8582:40)
	at handleMessage (/home/ame/.vscode-oss/extensions/golang.go-0.46.1-universal/dist/goMain.js:8392:11)
	at processMessageQueue (/home/ame/.vscode-oss/extensions/golang.go-0.46.1-universal/dist/goMain.js:8407:13)
	at Immediate.<anonymous> (/home/ame/.vscode-oss/extensions/golang.go-0.46.1-universal/dist/goMain.js:8383:11)
	at process.processImmediate (node:internal/timers:483:21)
2025-06-14 17:04:01.817 [error] [golang.go] provider FAILED
2025-06-14 17:04:01.818 [error] Error: context canceled
	at handleResponse (/home/ame/.vscode-oss/extensions/golang.go-0.46.1-universal/dist/goMain.js:8582:40)
	at handleMessage (/home/ame/.vscode-oss/extensions/golang.go-0.46.1-universal/dist/goMain.js:8392:11)
	at processMessageQueue (/home/ame/.vscode-oss/extensions/golang.go-0.46.1-universal/dist/goMain.js:8407:13)
	at Immediate.<anonymous> (/home/ame/.vscode-oss/extensions/golang.go-0.46.1-universal/dist/goMain.js:8383:11)
	at process.processImmediate (node:internal/timers:483:21)
2025-06-14 17:04:06.780 [error] [golang.go] provider FAILED
2025-06-14 17:04:06.780 [error] Error: context canceled
	at handleResponse (/home/ame/.vscode-oss/extensions/golang.go-0.46.1-universal/dist/goMain.js:8582:40)
	at handleMessage (/home/ame/.vscode-oss/extensions/golang.go-0.46.1-universal/dist/goMain.js:8392:11)
	at processMessageQueue (/home/ame/.vscode-oss/extensions/golang.go-0.46.1-universal/dist/goMain.js:8407:13)
	at Immediate.<anonymous> (/home/ame/.vscode-oss/extensions/golang.go-0.46.1-universal/dist/goMain.js:8383:11)
	at process.processImmediate (node:internal/timers:483:21)
2025-06-14 17:04:15.244 [error] [golang.go] provider FAILED
2025-06-14 17:04:15.245 [error] Error: context canceled
	at handleResponse (/home/ame/.vscode-oss/extensions/golang.go-0.46.1-universal/dist/goMain.js:8582:40)
	at handleMessage (/home/ame/.vscode-oss/extensions/golang.go-0.46.1-universal/dist/goMain.js:8392:11)
	at processMessageQueue (/home/ame/.vscode-oss/extensions/golang.go-0.46.1-universal/dist/goMain.js:8407:13)
	at Immediate.<anonymous> (/home/ame/.vscode-oss/extensions/golang.go-0.46.1-universal/dist/goMain.js:8383:11)
	at process.processImmediate (node:internal/timers:483:21)
2025-06-14 17:10:06.476 [error] [golang.go] provider FAILED
2025-06-14 17:10:06.476 [error] Error: context canceled
	at handleResponse (/home/ame/.vscode-oss/extensions/golang.go-0.46.1-universal/dist/goMain.js:8582:40)
	at handleMessage (/home/ame/.vscode-oss/extensions/golang.go-0.46.1-universal/dist/goMain.js:8392:11)
	at processMessageQueue (/home/ame/.vscode-oss/extensions/golang.go-0.46.1-universal/dist/goMain.js:8407:13)
	at Immediate.<anonymous> (/home/ame/.vscode-oss/extensions/golang.go-0.46.1-universal/dist/goMain.js:8383:11)
	at process.processImmediate (node:internal/timers:483:21)
2025-06-14 17:19:23.333 [info] ExtensionService#_doActivateExtension vscode.extension-editing, startup: false, activationEvent: 'onLanguage:json'
2025-06-14 17:19:23.365 [info] ExtensionService#_doActivateExtension vscode.npm, startup: false, activationEvent: 'onLanguage:json'
2025-06-14 17:35:12.570 [error] [golang.go] provider FAILED
2025-06-14 17:35:12.571 [error] Error: context canceled
	at handleResponse (/home/ame/.vscode-oss/extensions/golang.go-0.46.1-universal/dist/goMain.js:8582:40)
	at handleMessage (/home/ame/.vscode-oss/extensions/golang.go-0.46.1-universal/dist/goMain.js:8392:11)
	at processMessageQueue (/home/ame/.vscode-oss/extensions/golang.go-0.46.1-universal/dist/goMain.js:8407:13)
	at Immediate.<anonymous> (/home/ame/.vscode-oss/extensions/golang.go-0.46.1-universal/dist/goMain.js:8383:11)
	at process.processImmediate (node:internal/timers:483:21)
2025-06-14 17:46:35.953 [info] ExtensionService#_doActivateExtension vscode.html-language-features, startup: false, activationEvent: 'onLanguage:html'
2025-06-14 18:17:15.424 [info] Extension host terminating: renderer closed the MessagePort
2025-06-14 18:17:15.470 [info] Extension host with pid 14043 exiting with code 0
