2025-06-24 01:27:59.019 [info] Extension host with pid 21699 started
2025-06-24 01:27:59.320 [info] ExtensionService#_doActivateExtension vscode.emmet, startup: false, activationEvent: 'onLanguage'
2025-06-24 01:27:59.385 [info] ExtensionService#_doActivateExtension golang.go, startup: false, activationEvent: 'onLanguage:go'
2025-06-24 01:27:59.687 [info] ExtensionService#_doActivateExtension vscode.configuration-editing, startup: false, activationEvent: 'onLanguage:jsonc'
2025-06-24 01:27:59.701 [info] ExtensionService#_doActivateExtension vscode.json-language-features, startup: false, activationEvent: 'onLanguage:jsonc'
2025-06-24 01:27:59.801 [info] ExtensionService#_doActivateExtension vscode.typescript-language-features, startup: false, activationEvent: 'onLanguage:jsonc'
2025-06-24 01:28:00.148 [info] ExtensionService#_doActivateExtension vscode.git-base, startup: true, activationEvent: '*', root cause: vscode.git
2025-06-24 01:28:00.156 [info] ExtensionService#_doActivateExtension vscode.git, startup: true, activationEvent: '*'
2025-06-24 01:28:00.223 [info] ExtensionService#_doActivateExtension vscode.github, startup: true, activationEvent: '*'
2025-06-24 01:28:00.406 [info] Eager extensions activated
2025-06-24 01:28:00.411 [info] ExtensionService#_doActivateExtension vscode.debug-auto-launch, startup: false, activationEvent: 'onStartupFinished'
2025-06-24 01:28:00.415 [info] ExtensionService#_doActivateExtension vscode.merge-conflict, startup: false, activationEvent: 'onStartupFinished'
2025-06-24 01:28:03.718 [info] Extension host terminating: renderer closed the MessagePort
2025-06-24 01:28:03.778 [error] Error: Channel has been closed
	at n (file:///usr/lib/code/out/vs/workbench/api/node/extensionHostProcess.js:127:2816)
	at Object.info (file:///usr/lib/code/out/vs/workbench/api/node/extensionHostProcess.js:127:3161)
	at T.info (/usr/lib/code/extensions/json-language-features/client/dist/node/jsonClientMain.js:2:291132)
	at ChildProcess.<anonymous> (/usr/lib/code/extensions/json-language-features/client/dist/node/jsonClientMain.js:2:514808)
	at ChildProcess.emit (node:events:518:28)
	at ChildProcess._handle.onexit (node:internal/child_process:293:12)
2025-06-24 01:28:03.795 [info] Extension host with pid 21699 exiting with code 0
